PLAY [Ping hosts] **************************************************************************************
TASK [Gathering Facts] *********************************************************************************
ok: [haproxy.k8s.local]
ok: [worker-0.k8s.local]
ok: [cplane-0.k8s.local]
ok: [cplane-2.k8s.local]
ok: [cplane-1.k8s.local]
ok: [worker-1.k8s.local]

TASK [Ping] ********************************************************************************************
ok: [haproxy.k8s.local]
ok: [worker-0.k8s.local]
ok: [cplane-0.k8s.local]
ok: [cplane-1.k8s.local]
ok: [cplane-2.k8s.local]
ok: [worker-1.k8s.local]

PLAY RECAP *********************************************************************************************
cplane-0.k8s.local         : ok=2    changed=0    unreachable=0    failed=0    skipped=0    rescued=0    ignored=0
cplane-1.k8s.local         : ok=2    changed=0    unreachable=0    failed=0    skipped=0    rescued=0    ignored=0
cplane-2.k8s.local         : ok=2    changed=0    unreachable=0    failed=0    skipped=0    rescued=0    ignored=0
haproxy.k8s.local          : ok=2    changed=0    unreachable=0    failed=0    skipped=0    rescued=0    ignored=0
worker-0.k8s.local         : ok=2    changed=0    unreachable=0    failed=0    skipped=0    rescued=0    ignored=0
worker-1.k8s.local         : ok=2    changed=0    unreachable=0    failed=0    skipped=0    rescued=0    ignored=0